[2022-10-2721:27:28] [ INFO ] [Aplication:44] Promedio: 10
[2022-10-2721:28:46] [ INFO ] [Aplication:44] Promedio: 10
[2022-10-2721:29:01] [ INFO ] [Aplication:29] La lista tiene mas de 5 elementos
[2022-10-2721:29:01] [ INFO ] [Aplication:44] Promedio: 10
[2022-10-2721:29:41] [ INFO ] [Aplication:29] La lista tiene mas de 5 elementos
[2022-10-2721:29:41] [ INFO ] [Aplication:47] Promedio: 2
[2022-10-2721:29:55] [ INFO ] [Aplication:29] La lista tiene mas de 5 elementos
[2022-10-2721:29:55] [ INFO ] [Aplication:47] Promedio: 4
[2022-10-2721:30:00] [ INFO ] [Aplication:29] La lista tiene mas de 5 elementos
[2022-10-2721:30:00] [ INFO ] [Aplication:47] Promedio: 4
[2022-10-2721:30:12] [ INFO ] [Aplication:31] La lista tiene mas de 10 elementos
[2022-10-2721:30:12] [ INFO ] [Aplication:47] Promedio: 4
[2022-10-2721:30:26] [ ERROR] [Aplication:33] La lista es igual a cero 
[2022-10-2721:31:56] [ ERROR] [Aplication:33] La lista es igual a cero 
[2022-10-2721:31:56] [ ERROR] [Aplication:51] No hay elementos para iterar
[2022-10-2721:32:20] [ ERROR] [Aplication:33] La lista es igual a cero 
[2022-10-2721:32:20] [ ERROR] [Aplication:51] No hay elementos para iterar
[2022-10-2722:07:51] [ INFO ] [Aplication:31] La lista tiene mas de 10 elementos
[2022-10-2722:07:51] [ INFO ] [Aplication:48] Promedio: 4
[2022-10-2722:08:04] [ INFO ] [Aplication:29] La lista tiene mas de 5 elementos
[2022-10-2722:08:04] [ INFO ] [Aplication:48] Promedio: 4
[2022-10-2722:08:15] [ ERROR] [Aplication:33] La lista es igual a cero 
[2022-10-2722:08:15] [ ERROR] [Aplication:51] No hay elementos para iterar
[2022-10-2807:30:32] [ INFO ] [Aplication:58] Dividiendo
[2022-10-2807:30:55] [ INFO ] [Aplication:58] Dividiendo
[2022-10-2807:32:49] [ INFO ] [Aplication:60] Dividiendo
[2022-10-2807:35:17] [ INFO ] [Aplication:61] Dividiendo
[2022-10-2807:35:57] [ INFO ] [Aplication:61] Dividiendo
[2022-10-2807:35:57] [ DEBUG] [Aplication:65] Division terminada
[2022-10-2807:36:23] [ INFO ] [Aplication:61] Dividiendo
[2022-10-2807:36:23] [ DEBUG] [Aplication:65] Division terminada
[2022-10-2807:37:13] [ INFO ] [Aplication:61] Dividiendo
[2022-10-2807:37:13] [ DEBUG] [Aplication:65] Division terminada
[2022-10-2807:37:29] [ ERROR] [Aplication:63] No se pudo dividir
java.lang.ArithmeticException: / by zero
	at org.example.Aplication.numeroElmentos(Aplication.java:60)
	at org.example.Main.main(Main.java:19)
[2022-10-2807:37:29] [ DEBUG] [Aplication:65] Division terminada
[2022-10-2807:37:47] [ ERROR] [Aplication:63] No se pudo dividir
java.lang.ArithmeticException: / by zero
	at org.example.Aplication.numeroElmentos(Aplication.java:60)
	at org.example.Main.main(Main.java:19)
[2022-10-2807:37:47] [ DEBUG] [Aplication:65] Division terminada
[2022-10-2807:38:16] [ ERROR] [Aplication:62] No se pudo dividir
java.lang.ArithmeticException: / by zero
	at org.example.Aplication.numeroElmentos(Aplication.java:59)
	at org.example.Main.main(Main.java:19)
[2022-10-2807:38:16] [ DEBUG] [Aplication:64] Division terminada
[2022-10-2807:42:19] [ ERROR] [Aplication:62] La lista es igual a cero
java.lang.ArithmeticException: / by zero
	at org.example.Aplication.numeroElmentos(Aplication.java:59)
	at org.example.Main.main(Main.java:19)
[2022-10-2807:42:19] [ DEBUG] [Aplication:64] Division terminada
[2022-10-2807:43:24] [ ERROR] [Aplication:61] La lista es igual a cero
java.lang.ArithmeticException: / by zero
	at org.example.Aplication.numeroElmentos(Aplication.java:59)
	at org.example.Main.main(Main.java:19)
[2022-10-2807:49:18] [ ERROR] [Aplication:33] La lista es igual a cero 
[2022-10-2807:49:18] [ ERROR] [Aplication:51] No hay elementos para iterar
